./lib/my/array_length.o:1: MAJOR:C-O1
./lib/my/libmy.a:1: MAJOR:C-O1
./lib/my/mini_printf.o:1: MAJOR:C-O1
./lib/my/my_compute_power_rec.o:1: MAJOR:C-O1
./lib/my/my_compute_square_root.o:1: MAJOR:C-O1
./lib/my/my_find_prime.o:1: MAJOR:C-O1
./lib/my/my_getnbr.o:1: MAJOR:C-O1
./lib/my/my_is_prime.o:1: MAJOR:C-O1
./lib/my/my_isalpha.o:1: MAJOR:C-O1
./lib/my/my_isneg.o:1: MAJOR:C-O1
./lib/my/my_putchar.o:1: MAJOR:C-O1
./lib/my/my_putnbr.o:1: MAJOR:C-O1
./lib/my/my_putstr.o:1: MAJOR:C-O1
./lib/my/my_revstr.o:1: MAJOR:C-O1
./lib/my/my_showmem.o:1: MAJOR:C-O1
./lib/my/my_showstr.o:1: MAJOR:C-O1
./lib/my/my_sort_int_array.o:1: MAJOR:C-O1
./lib/my/my_str_isalpha.o:1: MAJOR:C-O1
./lib/my/my_str_islower.o:1: MAJOR:C-O1
./lib/my/my_str_isnum.o:1: MAJOR:C-O1
./lib/my/my_str_isprintable.o:1: MAJOR:C-O1
./lib/my/my_str_isupper.o:1: MAJOR:C-O1
./lib/my/my_str_to_word_array.o:1: MAJOR:C-O1
./lib/my/my_strcapitalize.o:1: MAJOR:C-O1
./lib/my/my_strcat.o:1: MAJOR:C-O1
./lib/my/my_strcmp.o:1: MAJOR:C-O1
./lib/my/my_strcpy.o:1: MAJOR:C-O1
./lib/my/my_strdup.o:1: MAJOR:C-O1
./lib/my/my_strlen.o:1: MAJOR:C-O1
./lib/my/my_strlowcase.o:1: MAJOR:C-O1
./lib/my/my_strncat.o:1: MAJOR:C-O1
./lib/my/my_strncmp.o:1: MAJOR:C-O1
./lib/my/my_strncpy.o:1: MAJOR:C-O1
./lib/my/my_strrchr.o:1: MAJOR:C-O1
./lib/my/my_strstr.o:1: MAJOR:C-O1
./lib/my/my_strupcase.o:1: MAJOR:C-O1
./lib/my/my_swap.o:1: MAJOR:C-O1
./read_input.c:47: MINOR:C-G7
./src/LL_parser/ll_parser.o:1: MAJOR:C-O1
./src/bash/bash_commands.o:1: MAJOR:C-O1
./src/bash/exec_path.o:1: MAJOR:C-O1
./src/cd/cd_command.o:1: MAJOR:C-O1
./src/env/add_env.o:1: MAJOR:C-O1
./src/env/del_env.o:1: MAJOR:C-O1
./src/env/my_getenv.o:1: MAJOR:C-O1
./src/env/print_env.o:1: MAJOR:C-O1
./src/error/handle_segv.o:1: MAJOR:C-O1
./src/error/raise_error.o:1: MAJOR:C-O1
./src/history_arrows/arrows_key.c:10: MINOR:C-G7
./src/init/init_struct.o:1: MAJOR:C-O1
./src/main/main.o:1: MAJOR:C-O1
./src/redirections/exec_inf.o:1: MAJOR:C-O1
./src/redirections/exec_pipe.o:1: MAJOR:C-O1
./src/redirections/exec_redirect.o:1: MAJOR:C-O1
./src/redirections/exec_sup.o:1: MAJOR:C-O1
./src/redirections/pipe_commands.o:1: MAJOR:C-O1
./src/sort/sort_line.o:1: MAJOR:C-O1
./tester/mysh:1: MAJOR:C-O1
